# JRE version: Java(TM) SE Runtime Environment (8.0_161-b12) (build 1.8.0_161-b12)
# Java VM: Java HotSpot(TM) 64-Bit Server VM (25.161-b12 mixed mode windows-amd64 compressed oops)
Heap:
 PSYoungGen      total 305664K, used 80766K [0x00000000eab00000, 0x0000000100000000, 0x0000000100000000)
  eden space 262144K, 14% used [0x00000000eab00000,0x00000000ecf66720,0x00000000fab00000)
  from space 43520K, 99% used [0x00000000fab00000,0x00000000fd5791a0,0x00000000fd580000)
  to   space 43520K, 0% used [0x00000000fd580000,0x00000000fd580000,0x0000000100000000)
 ParOldGen       total 407552K, used 58047K [0x00000000c0000000, 0x00000000d8e00000, 0x00000000eab00000)
  object space 407552K, 14% used [0x00000000c0000000,0x00000000c38afc60,0x00000000d8e00000)
 Metaspace       used 68250K, capacity 68786K, committed 68992K, reserved 1105920K
  class space    used 12483K, capacity 12650K, committed 12672K, reserved 1048576K
GC Heap History (10 events):
Event: 29.476 GC heap before
{Heap before GC invocations=11 (full 4):
 PSYoungGen      total 247296K, used 234760K [0x00000000eab00000, 0x00000000fd100000, 0x0000000100000000)
  eden space 225792K, 100% used [0x00000000eab00000,0x00000000f8780000,0x00000000f8780000)
  from space 21504K, 41% used [0x00000000f9c80000,0x00000000fa542280,0x00000000fb180000)
  to   space 21504K, 0% used [0x00000000f8780000,0x00000000f8780000,0x00000000f9c80000)
 ParOldGen       total 407552K, used 11957K [0x00000000c0000000, 0x00000000d8e00000, 0x00000000eab00000)
  object space 407552K, 2% used [0x00000000c0000000,0x00000000c0bad7a0,0x00000000d8e00000)
 Metaspace       used 56155K, capacity 56572K, committed 56960K, reserved 1095680K
  class space    used 10166K, capacity 10280K, committed 10368K, reserved 1048576K
Event: 29.517 GC heap after
Heap after GC invocations=11 (full 4):
 PSYoungGen      total 247296K, used 18144K [0x00000000eab00000, 0x00000000fe000000, 0x0000000100000000)
  eden space 225792K, 0% used [0x00000000eab00000,0x00000000eab00000,0x00000000f8780000)
  from space 21504K, 84% used [0x00000000f8780000,0x00000000f9938040,0x00000000f9c80000)
  to   space 22528K, 0% used [0x00000000fca00000,0x00000000fca00000,0x00000000fe000000)
 ParOldGen       total 407552K, used 11965K [0x00000000c0000000, 0x00000000d8e00000, 0x00000000eab00000)
  object space 407552K, 2% used [0x00000000c0000000,0x00000000c0baf7a0,0x00000000d8e00000)
 Metaspace       used 56155K, capacity 56572K, committed 56960K, reserved 1095680K
  class space    used 10166K, capacity 10280K, committed 10368K, reserved 1048576K
}
Event: 32.324 GC heap before
{Heap before GC invocations=12 (full 4):
 PSYoungGen      total 247296K, used 243936K [0x00000000eab00000, 0x00000000fe000000, 0x0000000100000000)
  eden space 225792K, 100% used [0x00000000eab00000,0x00000000f8780000,0x00000000f8780000)
  from space 21504K, 84% used [0x00000000f8780000,0x00000000f9938040,0x00000000f9c80000)
  to   space 22528K, 0% used [0x00000000fca00000,0x00000000fca00000,0x00000000fe000000)
 ParOldGen       total 407552K, used 11965K [0x00000000c0000000, 0x00000000d8e00000, 0x00000000eab00000)
  object space 407552K, 2% used [0x00000000c0000000,0x00000000c0baf7a0,0x00000000d8e00000)
 Metaspace       used 56256K, capacity 56636K, committed 56960K, reserved 1095680K
  class space    used 10166K, capacity 10280K, committed 10368K, reserved 1048576K
Event: 32.360 GC heap after
Heap after GC invocations=12 (full 4):
 PSYoungGen      total 291328K, used 20160K [0x00000000eab00000, 0x00000000fea80000, 0x0000000100000000)
  eden space 268800K, 0% used [0x00000000eab00000,0x00000000eab00000,0x00000000fb180000)
  from space 22528K, 89% used [0x00000000fca00000,0x00000000fddb0020,0x00000000fe000000)
  to   space 25088K, 0% used [0x00000000fb180000,0x00000000fb180000,0x00000000fca00000)
 ParOldGen       total 407552K, used 11965K [0x00000000c0000000, 0x00000000d8e00000, 0x00000000eab00000)
  object space 407552K, 2% used [0x00000000c0000000,0x00000000c0baf7a0,0x00000000d8e00000)
 Metaspace       used 56256K, capacity 56636K, committed 56960K, reserved 1095680K
  class space    used 10166K, capacity 10280K, committed 10368K, reserved 1048576K
}
Event: 33.472 GC heap before
{Heap before GC invocations=13 (full 4):
 PSYoungGen      total 291328K, used 288960K [0x00000000eab00000, 0x00000000fea80000, 0x0000000100000000)
  eden space 268800K, 100% used [0x00000000eab00000,0x00000000fb180000,0x00000000fb180000)
  from space 22528K, 89% used [0x00000000fca00000,0x00000000fddb0020,0x00000000fe000000)
  to   space 25088K, 0% used [0x00000000fb180000,0x00000000fb180000,0x00000000fca00000)
 ParOldGen       total 407552K, used 11965K [0x00000000c0000000, 0x00000000d8e00000, 0x00000000eab00000)
  object space 407552K, 2% used [0x00000000c0000000,0x00000000c0baf7a0,0x00000000d8e00000)
 Metaspace       used 56269K, capacity 56636K, committed 56960K, reserved 1095680K
  class space    used 10166K, capacity 10280K, committed 10368K, reserved 1048576K
Event: 33.547 GC heap after
Heap after GC invocations=13 (full 4):
 PSYoungGen      total 293888K, used 20272K [0x00000000eab00000, 0x0000000100000000, 0x0000000100000000)
  eden space 268800K, 0% used [0x00000000eab00000,0x00000000eab00000,0x00000000fb180000)
  from space 25088K, 80% used [0x00000000fb180000,0x00000000fc54c030,0x00000000fca00000)
  to   space 27136K, 0% used [0x00000000fe580000,0x00000000fe580000,0x0000000100000000)
 ParOldGen       total 407552K, used 11965K [0x00000000c0000000, 0x00000000d8e00000, 0x00000000eab00000)
  object space 407552K, 2% used [0x00000000c0000000,0x00000000c0baf7a0,0x00000000d8e00000)
 Metaspace       used 56269K, capacity 56636K, committed 56960K, reserved 1095680K
  class space    used 10166K, capacity 10280K, committed 10368K, reserved 1048576K
}
Event: 40.089 GC heap before
{Heap before GC invocations=14 (full 4):
 PSYoungGen      total 293888K, used 289072K [0x00000000eab00000, 0x0000000100000000, 0x0000000100000000)
  eden space 268800K, 100% used [0x00000000eab00000,0x00000000fb180000,0x00000000fb180000)
  from space 25088K, 80% used [0x00000000fb180000,0x00000000fc54c030,0x00000000fca00000)
  to   space 27136K, 0% used [0x00000000fe580000,0x00000000fe580000,0x0000000100000000)
 ParOldGen       total 407552K, used 11965K [0x00000000c0000000, 0x00000000d8e00000, 0x00000000eab00000)
  object space 407552K, 2% used [0x00000000c0000000,0x00000000c0baf7a0,0x00000000d8e00000)
 Metaspace       used 59807K, capacity 60308K, committed 60544K, reserved 1099776K
  class space    used 10694K, capacity 10808K, committed 10880K, reserved 1048576K
Event: 40.204 GC heap after
Heap after GC invocations=14 (full 4):
 PSYoungGen      total 289280K, used 27125K [0x00000000eab00000, 0x0000000100000000, 0x0000000100000000)
  eden space 262144K, 0% used [0x00000000eab00000,0x00000000eab00000,0x00000000fab00000)
  from space 27136K, 99% used [0x00000000fe580000,0x00000000ffffd600,0x0000000100000000)
  to   space 43520K, 0% used [0x00000000fab00000,0x00000000fab00000,0x00000000fd580000)
 ParOldGen       total 407552K, used 45802K [0x00000000c0000000, 0x00000000d8e00000, 0x00000000eab00000)
  object space 407552K, 11% used [0x00000000c0000000,0x00000000c2cba970,0x00000000d8e00000)
 Metaspace       used 59807K, capacity 60308K, committed 60544K, reserved 1099776K
  class space    used 10694K, capacity 10808K, committed 10880K, reserved 1048576K
}
Event: 49.727 GC heap before
{Heap before GC invocations=15 (full 4):
 PSYoungGen      total 289280K, used 289269K [0x00000000eab00000, 0x0000000100000000, 0x0000000100000000)
  eden space 262144K, 100% used [0x00000000eab00000,0x00000000fab00000,0x00000000fab00000)
  from space 27136K, 99% used [0x00000000fe580000,0x00000000ffffd600,0x0000000100000000)
  to   space 43520K, 0% used [0x00000000fab00000,0x00000000fab00000,0x00000000fd580000)
 ParOldGen       total 407552K, used 45802K [0x00000000c0000000, 0x00000000d8e00000, 0x00000000eab00000)
  object space 407552K, 11% used [0x00000000c0000000,0x00000000c2cba970,0x00000000d8e00000)
 Metaspace       used 65957K, capacity 66514K, committed 66944K, reserved 1103872K
  class space    used 12128K, capacity 12298K, committed 12416K, reserved 1048576K
Event: 49.831 GC heap after
Heap after GC invocations=15 (full 4):
 PSYoungGen      total 305664K, used 43492K [0x00000000eab00000, 0x0000000100000000, 0x0000000100000000)
  eden space 262144K, 0% used [0x00000000eab00000,0x00000000eab00000,0x00000000fab00000)
  from space 43520K, 99% used [0x00000000fab00000,0x00000000fd5791a0,0x00000000fd580000)
  to   space 43520K, 0% used [0x00000000fd580000,0x00000000fd580000,0x0000000100000000)
 ParOldGen       total 407552K, used 58047K [0x00000000c0000000, 0x00000000d8e00000, 0x00000000eab00000)
  object space 407552K, 14% used [0x00000000c0000000,0x00000000c38afc60,0x00000000d8e00000)
 Metaspace       used 65957K, capacity 66514K, committed 66944K, reserved 1103872K
  class space    used 12128K, capacity 12298K, committed 12416K, reserved 1048576K
}

